F:\work\nmchelper\windows\lib\nmchelper.exp
F:\work\nmchelper\windows\lib\nmchelper.lib
F:\WORK\NMCHELPER\WINDOWS\NMCHELPER\RELEASE\CACHEDAFFAIR.OBJ
F:\work\nmchelper\windows\nmchelper\Release\cl.command.1.tlog
F:\work\nmchelper\windows\nmchelper\Release\CL.read.1.tlog
F:\work\nmchelper\windows\nmchelper\Release\CL.write.1.tlog
F:\WORK\NMCHELPER\WINDOWS\NMCHELPER\RELEASE\JTDEVCIESEARCH.OBJ
F:\WORK\NMCHELPER\WINDOWS\NMCHELPER\RELEASE\JTEVENTCONNECT.OBJ
F:\WORK\NMCHELPER\WINDOWS\NMCHELPER\RELEASE\JTEVENTCONNPEER.OBJ
F:\WORK\NMCHELPER\WINDOWS\NMCHELPER\RELEASE\JTEVENTLISTEN.OBJ
F:\WORK\NMCHELPER\WINDOWS\NMCHELPER\RELEASE\JTEVENTPAIRPIPE.OBJ
F:\WORK\NMCHELPER\WINDOWS\NMCHELPER\RELEASE\JTEVENTSERVER.OBJ
F:\WORK\NMCHELPER\WINDOWS\NMCHELPER\RELEASE\JTEVENTTIMER.OBJ
F:\WORK\NMCHELPER\WINDOWS\NMCHELPER\RELEASE\JTPRINTF.OBJ
F:\WORK\NMCHELPER\WINDOWS\NMCHELPER\RELEASE\JTSTREAMSENDER.OBJ
F:\work\nmchelper\windows\nmchelper\Release\link.command.1.tlog
F:\work\nmchelper\windows\nmchelper\Release\link.read.1.tlog
F:\work\nmchelper\windows\nmchelper\Release\link.write.1.tlog
F:\work\nmchelper\windows\nmchelper\Release\link-cvtres.read.1.tlog
F:\work\nmchelper\windows\nmchelper\Release\link-cvtres.write.1.tlog
F:\work\nmchelper\windows\nmchelper\Release\mt.command.1.tlog
F:\work\nmchelper\windows\nmchelper\Release\mt.read.1.tlog
F:\work\nmchelper\windows\nmchelper\Release\mt.write.1.tlog
F:\WORK\NMCHELPER\WINDOWS\NMCHELPER\RELEASE\NMCDEVICE.OBJ
F:\WORK\NMCHELPER\WINDOWS\NMCHELPER\RELEASE\NMCDEVICEIMPL.OBJ
F:\WORK\NMCHELPER\WINDOWS\NMCHELPER\RELEASE\NMCHELPER.DLL.INTERMEDIATE.MANIFEST
F:\WORK\NMCHELPER\WINDOWS\NMCHELPER\RELEASE\NMCHELPER.PCH
F:\WORK\NMCHELPER\WINDOWS\NMCHELPER\RELEASE\NMCHELPER.RES
F:\work\nmchelper\windows\nmchelper\Release\nmchelper.write.1.tlog
F:\WORK\NMCHELPER\WINDOWS\NMCHELPER\RELEASE\NMCMESSAGE.OBJ
F:\WORK\NMCHELPER\WINDOWS\NMCHELPER\RELEASE\NMCUSER.OBJ
F:\WORK\NMCHELPER\WINDOWS\NMCHELPER\RELEASE\PUSHSTREAMPEER.OBJ
F:\work\nmchelper\windows\nmchelper\Release\rc.command.1.tlog
F:\work\nmchelper\windows\nmchelper\Release\rc.read.1.tlog
F:\work\nmchelper\windows\nmchelper\Release\rc.write.1.tlog
F:\WORK\NMCHELPER\WINDOWS\NMCHELPER\RELEASE\STDAFX.OBJ
F:\WORK\NMCHELPER\WINDOWS\NMCHELPER\RELEASE\VC100.PDB
F:\WORK\NMCHELPER\WINDOWS\RELEASE\NMCHELPER.DLL
F:\WORK\NMCHELPER\WINDOWS\RELEASE\NMCHELPER.PDB
